<?xml version="1.0" encoding="UTF-8"?>
<!-- Generated by org.testng.reporters.JUnitReportReporter -->
<testsuite skipped="0" hostname="LAPTOP-038RGUAG" name="test.QuickDraftTest" tests="1" failures="0" timestamp="2020-02-19T20:03:47 CST" time="18.786" errors="0">
  <testcase name="userShouldBeAbleToPostDraft" time="18.786" classname="test.QuickDraftTest"/>
</testsuite> <!-- test.QuickDraftTest -->
