<?xml version="1.0" encoding="UTF-8"?>
<!-- Generated by org.testng.reporters.JUnitReportReporter -->
<testsuite skipped="0" hostname="LAPTOP-038RGUAG" name="test.LoginTest" tests="1" failures="0" timestamp="2020-02-18T15:35:08 CST" time="15.043" errors="0">
  <testcase name="userShouldBeAbleToLogIn" time="15.043" classname="test.LoginTest"/>
</testsuite> <!-- test.LoginTest -->
