<?xml version="1.0" encoding="UTF-8"?>
<!-- Generated by org.testng.reporters.JUnitReportReporter -->
<testsuite skipped="0" hostname="LAPTOP-038RGUAG" name="testcases.RegTest" tests="1" failures="0" timestamp="2020-02-05T18:07:34 CST" time="0.021" errors="0">
  <testcase name="doRegisterTest" time="0.021" classname="testcases.RegTest"/>
</testsuite> <!-- testcases.RegTest -->
