<?xml version="1.0" encoding="UTF-8"?>
<!-- Generated by org.testng.reporters.JUnitReportReporter -->
<testsuite skipped="3" hostname="LAPTOP-038RGUAG" name="testcases.ApplicationTest" tests="3" failures="0" timestamp="2020-02-05T17:33:07 CST" time="0.014" errors="0">
  <testcase name="loginTest" time="0.014" classname="testcases.ApplicationTest">
    <skipped/>
  </testcase> <!-- loginTest -->
  <testcase name="passwordChangeTest" time="0.000" classname="testcases.ApplicationTest">
    <skipped/>
  </testcase> <!-- passwordChangeTest -->
  <testcase name="logoutTest" time="0.000" classname="testcases.ApplicationTest">
    <skipped/>
  </testcase> <!-- logoutTest -->
</testsuite> <!-- testcases.ApplicationTest -->
