<?xml version="1.0" encoding="UTF-8"?>
<!-- Generated by org.testng.reporters.JUnitReportReporter -->
<testsuite skipped="0" hostname="LAPTOP-038RGUAG" name="classTestNG.HwSession5" tests="1" failures="0" timestamp="2020-02-11T14:08:14 CST" time="32.021" errors="0">
  <testcase name="techfioslogin" time="32.021" classname="classTestNG.HwSession5"/>
</testsuite> <!-- classTestNG.HwSession5 -->
