<?xml version="1.0" encoding="UTF-8"?>
<!-- Generated by org.testng.reporters.JUnitReportReporter -->
<testsuite skipped="0" hostname="LAPTOP-038RGUAG" name="com.Maven_First_Class.Launch_Browser" tests="1" failures="0" timestamp="2020-01-24T13:45:04 CST" time="16.116" errors="0">
  <testcase name="browserLaunch" time="16.116" classname="com.Maven_First_Class.Launch_Browser"/>
</testsuite> <!-- com.Maven_First_Class.Launch_Browser -->
